<?xml version="1.0" encoding="UTF-8"?>
<testng-results ignored="0" total="4" passed="3" failed="1" skipped="0">
  <reporter-output>
  </reporter-output>
  <suite started-at="2022-08-25T18:38:25 IST" name="Suite" finished-at="2022-08-25T18:38:40 IST" duration-ms="14662">
    <groups>
    </groups>
    <test started-at="2022-08-25T18:38:25 IST" name="main testing" finished-at="2022-08-25T18:38:33 IST" duration-ms="7509">
      <class name="A_package.HomePage">
        <test-method is-config="true" signature="initialize()[pri:0, instance:A_package.HomePage@4c37b5b]" started-at="2022-08-25T18:38:25 IST" name="initialize" finished-at="2022-08-25T18:38:28 IST" duration-ms="3063" status="PASS">
          <reporter-output>
          </reporter-output>
        </test-method> <!-- initialize -->
        <test-method signature="pageNavigation(java.lang.String,java.lang.String,java.lang.String)[pri:0, instance:A_package.HomePage@4c37b5b]" started-at="2022-08-25T18:38:28 IST" name="pageNavigation" data-provider="getData" finished-at="2022-08-25T18:38:31 IST" duration-ms="2604" status="PASS">
          <params>
            <param index="0">
              <value>
                <![CDATA[nonrestricteduser@qw.com]]>
              </value>
            </param>
            <param index="1">
              <value>
                <![CDATA[123456]]>
              </value>
            </param>
            <param index="2">
              <value>
                <![CDATA[nonrestricted user]]>
              </value>
            </param>
          </params>
          <reporter-output>
          </reporter-output>
        </test-method> <!-- pageNavigation -->
        <test-method signature="pageNavigation(java.lang.String,java.lang.String,java.lang.String)[pri:0, instance:A_package.HomePage@4c37b5b]" started-at="2022-08-25T18:38:31 IST" name="pageNavigation" data-provider="getData" finished-at="2022-08-25T18:38:33 IST" duration-ms="1710" status="PASS">
          <params>
            <param index="0">
              <value>
                <![CDATA[restricteduser@qw.com]]>
              </value>
            </param>
            <param index="1">
              <value>
                <![CDATA[456789]]>
              </value>
            </param>
            <param index="2">
              <value>
                <![CDATA[restricted user]]>
              </value>
            </param>
          </params>
          <reporter-output>
          </reporter-output>
        </test-method> <!-- pageNavigation -->
        <test-method is-config="true" signature="close()[pri:0, instance:A_package.HomePage@4c37b5b]" started-at="2022-08-25T18:38:33 IST" name="close" finished-at="2022-08-25T18:38:33 IST" duration-ms="84" status="PASS">
          <reporter-output>
          </reporter-output>
        </test-method> <!-- close -->
      </class> <!-- A_package.HomePage -->
    </test> <!-- main testing -->
    <test started-at="2022-08-25T18:38:33 IST" name="validation of test" finished-at="2022-08-25T18:38:37 IST" duration-ms="3457">
      <class name="A_package.validateTitle">
        <test-method is-config="true" signature="initialize()[pri:0, instance:A_package.validateTitle@54227100]" started-at="2022-08-25T18:38:33 IST" name="initialize" finished-at="2022-08-25T18:38:36 IST" duration-ms="3087" status="PASS">
          <reporter-output>
          </reporter-output>
        </test-method> <!-- initialize -->
        <test-method signature="pageNavigation()[pri:0, instance:A_package.validateTitle@54227100]" started-at="2022-08-25T18:38:36 IST" name="pageNavigation" finished-at="2022-08-25T18:38:36 IST" duration-ms="39" status="FAIL">
          <exception class="java.lang.AssertionError">
            <message>
              <![CDATA[expected [FEATURED COURSES123] but found [FEATURED COURSES]]]>
            </message>
            <full-stacktrace>
              <![CDATA[java.lang.AssertionError: expected [FEATURED COURSES123] but found [FEATURED COURSES]
at org.testng.Assert.fail(Assert.java:110)
at org.testng.Assert.failNotEquals(Assert.java:1413)
at org.testng.Assert.assertEqualsImpl(Assert.java:149)
at org.testng.Assert.assertEquals(Assert.java:131)
at org.testng.Assert.assertEquals(Assert.java:655)
at org.testng.Assert.assertEquals(Assert.java:665)
at A_package.validateTitle.pageNavigation(validateTitle.java:37)
at java.base/jdk.internal.reflect.NativeMethodAccessorImpl.invoke0(Native Method)
at java.base/jdk.internal.reflect.NativeMethodAccessorImpl.invoke(NativeMethodAccessorImpl.java:62)
at java.base/jdk.internal.reflect.DelegatingMethodAccessorImpl.invoke(DelegatingMethodAccessorImpl.java:43)
at java.base/java.lang.reflect.Method.invoke(Method.java:564)
at org.testng.internal.invokers.MethodInvocationHelper.invokeMethod(MethodInvocationHelper.java:139)
at org.testng.internal.invokers.TestInvoker.invokeMethod(TestInvoker.java:677)
at org.testng.internal.invokers.TestInvoker.invokeTestMethod(TestInvoker.java:221)
at org.testng.internal.invokers.MethodRunner.runInSequence(MethodRunner.java:50)
at org.testng.internal.invokers.TestInvoker$MethodInvocationAgent.invoke(TestInvoker.java:962)
at org.testng.internal.invokers.TestInvoker.invokeTestMethods(TestInvoker.java:194)
at org.testng.internal.invokers.TestMethodWorker.invokeTestMethods(TestMethodWorker.java:148)
at org.testng.internal.invokers.TestMethodWorker.run(TestMethodWorker.java:128)
at java.base/java.util.ArrayList.forEach(ArrayList.java:1511)
at org.testng.TestRunner.privateRun(TestRunner.java:806)
at org.testng.TestRunner.run(TestRunner.java:601)
at org.testng.SuiteRunner.runTest(SuiteRunner.java:433)
at org.testng.SuiteRunner.runSequentially(SuiteRunner.java:427)
at org.testng.SuiteRunner.privateRun(SuiteRunner.java:387)
at org.testng.SuiteRunner.run(SuiteRunner.java:330)
at org.testng.SuiteRunnerWorker.runSuite(SuiteRunnerWorker.java:52)
at org.testng.SuiteRunnerWorker.run(SuiteRunnerWorker.java:95)
at org.testng.TestNG.runSuitesSequentially(TestNG.java:1256)
at org.testng.TestNG.runSuitesLocally(TestNG.java:1176)
at org.testng.TestNG.runSuites(TestNG.java:1099)
at org.testng.TestNG.run(TestNG.java:1067)
at org.testng.remote.AbstractRemoteTestNG.run(AbstractRemoteTestNG.java:115)
at org.testng.remote.RemoteTestNG.initAndRun(RemoteTestNG.java:251)
at org.testng.remote.RemoteTestNG.main(RemoteTestNG.java:77)
]]>
            </full-stacktrace>
          </exception> <!-- java.lang.AssertionError -->
          <reporter-output>
          </reporter-output>
        </test-method> <!-- pageNavigation -->
        <test-method is-config="true" signature="close()[pri:0, instance:A_package.validateTitle@54227100]" started-at="2022-08-25T18:38:36 IST" name="close" finished-at="2022-08-25T18:38:37 IST" duration-ms="107" status="PASS">
          <reporter-output>
          </reporter-output>
        </test-method> <!-- close -->
      </class> <!-- A_package.validateTitle -->
    </test> <!-- validation of test -->
    <test started-at="2022-08-25T18:38:37 IST" name="navigation bar" finished-at="2022-08-25T18:38:40 IST" duration-ms="3151">
      <class name="A_package.navigationBar">
        <test-method is-config="true" signature="initialize()[pri:0, instance:A_package.navigationBar@4763c727]" started-at="2022-08-25T18:38:37 IST" name="initialize" finished-at="2022-08-25T18:38:40 IST" duration-ms="2965" status="PASS">
          <reporter-output>
          </reporter-output>
        </test-method> <!-- initialize -->
        <test-method signature="validationBar()[pri:0, instance:A_package.navigationBar@4763c727]" started-at="2022-08-25T18:38:40 IST" name="validationBar" finished-at="2022-08-25T18:38:40 IST" duration-ms="59" status="PASS">
          <reporter-output>
          </reporter-output>
        </test-method> <!-- validationBar -->
        <test-method is-config="true" signature="close()[pri:0, instance:A_package.navigationBar@4763c727]" started-at="2022-08-25T18:38:40 IST" name="close" finished-at="2022-08-25T18:38:40 IST" duration-ms="122" status="PASS">
          <reporter-output>
          </reporter-output>
        </test-method> <!-- close -->
      </class> <!-- A_package.navigationBar -->
    </test> <!-- navigation bar -->
    <test started-at="2022-08-25T18:38:40 IST" name="Listener test" finished-at="2022-08-25T18:38:40 IST" duration-ms="2">
    </test> <!-- Listener test -->
    <test started-at="2022-08-25T18:38:40 IST" name="extent report test" finished-at="2022-08-25T18:38:40 IST" duration-ms="2">
    </test> <!-- extent report test -->
  </suite> <!-- Suite -->
</testng-results>
