<?xml version="1.0" encoding="UTF-8"?>
<!-- Generated by org.testng.reporters.JUnitXMLReporter -->
<testsuite ignored="0" hostname="SS-2017-03-112" failures="1" tests="1" name="validation of test" time="5.358" errors="0" timestamp="2022-08-17T09:53:05 IST">
  <testcase classname="A_package.validateTitle" name="pageNavigation" time="0.06">
    <failure type="java.lang.AssertionError" message="expected [FEATURED COURSES12] but found [FEATURED COURSES]">
      <![CDATA[java.lang.AssertionError: expected [FEATURED COURSES12] but found [FEATURED COURSES]
at A_package.validateTitle.pageNavigation(validateTitle.java:28)
at java.base/java.util.ArrayList.forEach(ArrayList.java:1511)
... Removed 33 stack frames]]>
    </failure>
  </testcase> <!-- pageNavigation -->
</testsuite> <!-- validation of test -->
